<?xml version="1.0" encoding="UTF-8"?>
<!-- Generated by org.testng.reporters.JUnitReportReporter -->
<testsuite hostname="LAPTOP-PH3UBOCH" failures="0" tests="2" name="test.ParallelExecution" time="5.816" errors="0" timestamp="2021-07-04T12:41:14 IST" skipped="0">
  <testcase classname="test.ParallelExecution" name="Testcase1" time="2.951"/>
  <system-out/>
  <testcase classname="test.ParallelExecution" name="Testcase2" time="2.865"/>
  <system-out/>
</testsuite> <!-- test.ParallelExecution -->
