<?xml version="1.0" encoding="UTF-8"?>
<!-- Generated by org.testng.reporters.JUnitReportReporter -->
<testsuite hostname="LAPTOP-PH3UBOCH" failures="0" tests="2" name="test.LoginTest" time="16.727" errors="0" timestamp="2021-07-04T10:03:10 IST" skipped="1">
  <testcase classname="test.LoginTest" name="LoginTest2" time="16.727"/>
  <system-out/>
  <testcase classname="test.LoginTest" name="LoginTest1">
    <skipped/>
  </testcase> <!-- LoginTest1 -->
  <system-out/>
</testsuite> <!-- test.LoginTest -->
