<?xml version="1.0" encoding="UTF-8"?>
<!-- Generated by org.testng.reporters.JUnitReportReporter -->
<testsuite hostname="LAPTOP-PH3UBOCH" failures="0" tests="2" name="test.LoginTest" time="9.692" errors="0" timestamp="2021-07-03T09:10:03 IST" skipped="1">
  <testcase classname="test.LoginTest" name="LoginTest2" time="9.692"/>
  <system-out/>
  <testcase classname="test.LoginTest" name="LoginTest1">
    <skipped/>
  </testcase> <!-- LoginTest1 -->
  <system-out/>
</testsuite> <!-- test.LoginTest -->
