<?xml version="1.0" encoding="UTF-8"?>
<!-- Generated by org.testng.reporters.JUnitReportReporter -->
<testsuite hostname="LAPTOP-PH3UBOCH" failures="0" tests="2" name="test.UnitTestEx" time="0.007" errors="0" timestamp="2021-07-10T11:51:25 IST" skipped="0">
  <testcase classname="test.UnitTestEx" name="NegativeTest" time="0.007"/>
  <system-out/>
  <testcase classname="test.UnitTestEx" name="PositiveTest" time="0.000"/>
  <system-out/>
</testsuite> <!-- test.UnitTestEx -->
